Configuring carta2html-0.1.0.0...
Warning: The 'license-file' field refers to the file 'LICENSE' which does not
exist.
Building carta2html-0.1.0.0...
Preprocessing executable 'carta2html' for carta2html-0.1.0.0...
[1 of 8] Compiling WrappableHtml    ( WrappableHtml.hs, dist/dist-sandbox-2e6ebed9/build/carta2html/carta2html-tmp/WrappableHtml.o )
[2 of 8] Compiling ListModifiers    ( ListModifiers.hs, dist/dist-sandbox-2e6ebed9/build/carta2html/carta2html-tmp/ListModifiers.o )

ListModifiers.hs:70:1: Warning: Tab character

ListModifiers.hs:71:1: Warning: Tab character

ListModifiers.hs:74:1: Warning: Tab character

ListModifiers.hs:75:1: Warning: Tab character

ListModifiers.hs:105:1: Warning: Tab character

ListModifiers.hs:125:1: Warning: Tab character

ListModifiers.hs:126:1: Warning: Tab character

ListModifiers.hs:127:1: Warning: Tab character

ListModifiers.hs:128:1: Warning: Tab character
[3 of 8] Compiling InputOptions     ( InputOptions.hs, dist/dist-sandbox-2e6ebed9/build/carta2html/carta2html-tmp/InputOptions.o )

InputOptions.hs:2:1: Warning: Tab character

InputOptions.hs:3:1: Warning: Tab character

InputOptions.hs:4:1: Warning: Tab character

InputOptions.hs:5:1: Warning: Tab character

InputOptions.hs:6:1: Warning: Tab character

InputOptions.hs:27:1: Warning: Tab character

InputOptions.hs:28:1: Warning: Tab character

InputOptions.hs:28:11: Warning: Tab character

InputOptions.hs:29:1: Warning: Tab character

InputOptions.hs:29:11: Warning: Tab character

InputOptions.hs:33:1: Warning: Tab character

InputOptions.hs:34:1: Warning: Tab character

InputOptions.hs:34:11: Warning: Tab character

InputOptions.hs:35:1: Warning: Tab character

InputOptions.hs:35:11: Warning: Tab character

InputOptions.hs:40:1: Warning: Tab character

InputOptions.hs:47:1: Warning: Tab character

InputOptions.hs:54:1: Warning: Tab character

InputOptions.hs:55:1: Warning: Tab character

InputOptions.hs:56:1: Warning: Tab character

InputOptions.hs:56:11: Warning: Tab character

InputOptions.hs:57:1: Warning: Tab character

InputOptions.hs:57:11: Warning: Tab character

InputOptions.hs:61:1: Warning: Tab character

InputOptions.hs:62:1: Warning: Tab character

InputOptions.hs:63:1: Warning: Tab character

InputOptions.hs:63:11: Warning: Tab character

InputOptions.hs:64:1: Warning: Tab character

InputOptions.hs:64:11: Warning: Tab character

InputOptions.hs:76:1: Warning: Tab character

InputOptions.hs:77:1: Warning: Tab character

InputOptions.hs:78:1: Warning: Tab character

InputOptions.hs:78:22: Warning: Tab character

InputOptions.hs:79:1: Warning: Tab character

InputOptions.hs:79:22: Warning: Tab character

InputOptions.hs:80:1: Warning: Tab character

InputOptions.hs:80:22: Warning: Tab character
[4 of 8] Compiling CsvUtils         ( CsvUtils.hs, dist/dist-sandbox-2e6ebed9/build/carta2html/carta2html-tmp/CsvUtils.o )

CsvUtils.hs:27:1: Warning: Tab character

CsvUtils.hs:28:1: Warning: Tab character

CsvUtils.hs:29:1: Warning: Tab character

CsvUtils.hs:30:1: Warning: Tab character

CsvUtils.hs:31:1: Warning: Tab character

CsvUtils.hs:54:1: Warning: Tab character

CsvUtils.hs:55:1: Warning: Tab character

CsvUtils.hs:58:1: Warning: Tab character

CsvUtils.hs:59:1: Warning: Tab character
[5 of 8] Compiling CartaTypes       ( CartaTypes.hs, dist/dist-sandbox-2e6ebed9/build/carta2html/carta2html-tmp/CartaTypes.o )
[6 of 8] Compiling Customizable     ( Customizable.hs, dist/dist-sandbox-2e6ebed9/build/carta2html/carta2html-tmp/Customizable.o )

Customizable.hs:58:1: Warning: Tab character

Customizable.hs:59:1: Warning: Tab character

Customizable.hs:60:1: Warning: Tab character

Customizable.hs:61:1: Warning: Tab character

Customizable.hs:61:12: Warning: Tab character

Customizable.hs:66:1: Warning: Tab character

Customizable.hs:67:1: Warning: Tab character

Customizable.hs:68:1: Warning: Tab character

Customizable.hs:69:1: Warning: Tab character

Customizable.hs:70:1: Warning: Tab character

Customizable.hs:75:1: Warning: Tab character

Customizable.hs:76:1: Warning: Tab character

Customizable.hs:77:1: Warning: Tab character

Customizable.hs:78:1: Warning: Tab character

Customizable.hs:79:1: Warning: Tab character

Customizable.hs:80:1: Warning: Tab character

Customizable.hs:87:2: Warning: Tab character

Customizable.hs:88:2: Warning: Tab character

Customizable.hs:90:2: Warning: Tab character

Customizable.hs:91:2: Warning: Tab character

Customizable.hs:96:1: Warning: Tab character

Customizable.hs:97:1: Warning: Tab character

Customizable.hs:98:1: Warning: Tab character

Customizable.hs:99:1: Warning: Tab character

Customizable.hs:101:1: Warning: Tab character

Customizable.hs:107:1: Warning: Tab character

Customizable.hs:108:1: Warning: Tab character

Customizable.hs:109:1: Warning: Tab character

Customizable.hs:110:1: Warning: Tab character

Customizable.hs:110:32: Warning: Tab character

Customizable.hs:111:1: Warning: Tab character

Customizable.hs:111:32: Warning: Tab character

Customizable.hs:112:1: Warning: Tab character

Customizable.hs:113:1: Warning: Tab character

Customizable.hs:113:32: Warning: Tab character

Customizable.hs:115:1: Warning: Tab character

Customizable.hs:116:1: Warning: Tab character

Customizable.hs:117:1: Warning: Tab character

Customizable.hs:118:1: Warning: Tab character

Customizable.hs:123:1: Warning: Tab character

Customizable.hs:124:1: Warning: Tab character

Customizable.hs:125:1: Warning: Tab character

Customizable.hs:125:27: Warning: Tab character

Customizable.hs:126:1: Warning: Tab character

Customizable.hs:126:27: Warning: Tab character

Customizable.hs:127:1: Warning: Tab character

Customizable.hs:127:27: Warning: Tab character

Customizable.hs:128:1: Warning: Tab character

Customizable.hs:128:27: Warning: Tab character

Customizable.hs:129:1: Warning: Tab character

Customizable.hs:129:27: Warning: Tab character

Customizable.hs:131:1: Warning: Tab character

Customizable.hs:132:1: Warning: Tab character

Customizable.hs:133:1: Warning: Tab character

Customizable.hs:134:1: Warning: Tab character

Customizable.hs:134:27: Warning: Tab character

Customizable.hs:135:1: Warning: Tab character

Customizable.hs:135:27: Warning: Tab character

Customizable.hs:136:1: Warning: Tab character

Customizable.hs:136:27: Warning: Tab character

Customizable.hs:137:1: Warning: Tab character

Customizable.hs:137:27: Warning: Tab character

Customizable.hs:138:1: Warning: Tab character

Customizable.hs:138:27: Warning: Tab character

Customizable.hs:139:1: Warning: Tab character

Customizable.hs:139:27: Warning: Tab character

Customizable.hs:141:1: Warning: Tab character

Customizable.hs:142:1: Warning: Tab character

Customizable.hs:143:1: Warning: Tab character

Customizable.hs:143:27: Warning: Tab character

Customizable.hs:144:1: Warning: Tab character

Customizable.hs:144:27: Warning: Tab character

Customizable.hs:145:1: Warning: Tab character

Customizable.hs:145:27: Warning: Tab character

Customizable.hs:146:1: Warning: Tab character

Customizable.hs:146:27: Warning: Tab character

Customizable.hs:147:1: Warning: Tab character

Customizable.hs:147:27: Warning: Tab character

Customizable.hs:148:1: Warning: Tab character

Customizable.hs:148:27: Warning: Tab character

Customizable.hs:149:1: Warning: Tab character

Customizable.hs:149:27: Warning: Tab character

Customizable.hs:151:1: Warning: Tab character

Customizable.hs:154:1: Warning: Tab character

Customizable.hs:155:1: Warning: Tab character

Customizable.hs:156:1: Warning: Tab character

Customizable.hs:157:1: Warning: Tab character

Customizable.hs:158:1: Warning: Tab character

Customizable.hs:159:1: Warning: Tab character

Customizable.hs:160:1: Warning: Tab character

Customizable.hs:165:1: Warning: Tab character

Customizable.hs:166:1: Warning: Tab character

Customizable.hs:167:1: Warning: Tab character

Customizable.hs:168:1: Warning: Tab character

Customizable.hs:169:1: Warning: Tab character

Customizable.hs:170:1: Warning: Tab character

Customizable.hs:175:1: Warning: Tab character

Customizable.hs:176:1: Warning: Tab character

Customizable.hs:177:1: Warning: Tab character

Customizable.hs:178:1: Warning: Tab character

Customizable.hs:179:1: Warning: Tab character

Customizable.hs:180:1: Warning: Tab character

Customizable.hs:185:1: Warning: Tab character

Customizable.hs:186:1: Warning: Tab character

Customizable.hs:187:1: Warning: Tab character

Customizable.hs:187:27: Warning: Tab character

Customizable.hs:188:1: Warning: Tab character

Customizable.hs:188:27: Warning: Tab character

Customizable.hs:189:1: Warning: Tab character

Customizable.hs:189:27: Warning: Tab character

Customizable.hs:190:1: Warning: Tab character

Customizable.hs:191:1: Warning: Tab character

Customizable.hs:192:1: Warning: Tab character

Customizable.hs:193:1: Warning: Tab character

Customizable.hs:193:33: Warning: Tab character

Customizable.hs:198:1: Warning: Tab character

Customizable.hs:199:1: Warning: Tab character

Customizable.hs:200:1: Warning: Tab character

Customizable.hs:201:1: Warning: Tab character

Customizable.hs:202:1: Warning: Tab character

Customizable.hs:203:1: Warning: Tab character

Customizable.hs:208:1: Warning: Tab character

Customizable.hs:209:1: Warning: Tab character

Customizable.hs:210:1: Warning: Tab character

Customizable.hs:211:1: Warning: Tab character

Customizable.hs:212:1: Warning: Tab character

Customizable.hs:213:1: Warning: Tab character

Customizable.hs:219:1: Warning: Tab character

Customizable.hs:220:1: Warning: Tab character

Customizable.hs:221:1: Warning: Tab character

Customizable.hs:221:27: Warning: Tab character

Customizable.hs:222:1: Warning: Tab character

Customizable.hs:222:27: Warning: Tab character

Customizable.hs:223:1: Warning: Tab character

Customizable.hs:223:27: Warning: Tab character

Customizable.hs:224:1: Warning: Tab character

Customizable.hs:224:27: Warning: Tab character

Customizable.hs:225:1: Warning: Tab character

Customizable.hs:225:27: Warning: Tab character

Customizable.hs:227:1: Warning: Tab character

Customizable.hs:228:1: Warning: Tab character

Customizable.hs:229:1: Warning: Tab character

Customizable.hs:230:1: Warning: Tab character
[7 of 8] Compiling CartaStyles      ( CartaStyles.hs, dist/dist-sandbox-2e6ebed9/build/carta2html/carta2html-tmp/CartaStyles.o )

CartaStyles.hs:6:1: Warning: Tab character

CartaStyles.hs:56:1: Warning: Tab character

CartaStyles.hs:57:1: Warning: Tab character

CartaStyles.hs:58:1: Warning: Tab character

CartaStyles.hs:59:1: Warning: Tab character

CartaStyles.hs:60:1: Warning: Tab character
[8 of 8] Compiling Main             ( Main.hs, dist/dist-sandbox-2e6ebed9/build/carta2html/carta2html-tmp/Main.o )

Main.hs:40:1: Warning: Tab character

Main.hs:50:1: Warning: Tab character

Main.hs:51:1: Warning: Tab character

Main.hs:52:1: Warning: Tab character

Main.hs:53:1: Warning: Tab character

Main.hs:54:1: Warning: Tab character

Main.hs:55:1: Warning: Tab character

Main.hs:56:1: Warning: Tab character

Main.hs:57:1: Warning: Tab character

Main.hs:58:1: Warning: Tab character

Main.hs:59:1: Warning: Tab character

Main.hs:60:1: Warning: Tab character

Main.hs:68:5: Warning: Tab character

Main.hs:69:5: Warning: Tab character

Main.hs:70:5: Warning: Tab character

Main.hs:79:68: Warning: Tab character

Main.hs:80:30: Warning: Tab character

Main.hs:84:1: Warning: Tab character
Linking dist/dist-sandbox-2e6ebed9/build/carta2html/carta2html ...
Warning: No documentation was generated as this package does not contain a
library. Perhaps you want to use the --executables, --tests or --benchmarks
flags.
setup-Simple-Cabal-1.22.4.0-x86_64-osx-ghc-7.10.2: LICENSE: does not exist
